<?xml version="1.0" encoding="UTF-8"?>
<testsuite xmlns:xsi="http://www.w3.org/2001/XMLSchema-instance" xsi:noNamespaceSchemaLocation="https://maven.apache.org/surefire/maven-surefire-plugin/xsd/surefire-test-report-3.0.xsd" version="3.0" name="com.example.RunCucumberTest" time="102.573" tests="7" errors="0" skipped="0" failures="0">
  <properties>
[...]
</properties>
  <testcase name="Valid Login" classname="Login functionality - the-internet.herokuapp.com" time="9.385">
    <system-out><![CDATA[
@smoke
Scenario: Valid Login                                                                   &amp#27;[90m# features/login.feature:8&amp#27;[0m
  &amp#27;[32mGiven &amp#27;[0m&amp#27;[32mthe user navigates to the login page&amp#27;[0m                                            &amp#27;[90m# com.example.steps.LoginSteps.the_user_navigates_to_the_login_page()&amp#27;[0m
  &amp#27;[32mWhen &amp#27;[0m&amp#27;[32mthe user enters username &amp#27;[0m&amp#27;[32m&amp#27;[1m"tomsmith"&amp#27;[0m&amp#27;[32m and password &amp#27;[0m&amp#27;[32m&amp#27;[1m"SuperSecretPassword!"&amp#27;[0m          &amp#27;[90m# com.example.steps.LoginSteps.the_user_enters_username_and_password(java.lang.String,java.lang.String)&amp#27;[0m
  &amp#27;[32mThen &amp#27;[0m&amp#27;[32mthe user should be successfully logged in and redirected to the Secure Area page&amp#27;[0m &amp#27;[90m# com.example.steps.LoginSteps.the_user_should_be_successfully_logged_in_and_redirected_to_the_secure_area_page()&amp#27;[0m
]]></system-out>
    <system-err><![CDATA[SLF4J(W): No SLF4J providers were found.
SLF4J(W): Defaulting to no-operation (NOP) logger implementation
SLF4J(W): See https://www.slf4j.org/codes.html#noProviders for further details.
Sept 30, 2025 7:38:34 AM org.openqa.selenium.devtools.CdpVersionFinder findNearestMatch
WARNING: Unable to find CDP implementation matching 140
Sept 30, 2025 7:38:34 AM org.openqa.selenium.chromium.ChromiumDriver lambda$new$5
WARNING: Unable to find version of CDP to use for 140.0.7339.208. You may need to include a dependency on a specific version of the CDP using something similar to `org.seleniumhq.selenium:selenium-devtools-v86:4.20.0` where the version ("v86") matches the version of the chromium-based browser you're using and the version number of the artifact is the same as Selenium's.
]]></system-err>
  </testcase>
  <testcase name="Invalid Login" classname="Login functionality - the-internet.herokuapp.com" time="9.762">
    <system-out><![CDATA[
@smoke
Scenario: Invalid Login                                                      &amp#27;[90m# features/login.feature:12&amp#27;[0m
  &amp#27;[32mGiven &amp#27;[0m&amp#27;[32mthe user navigates to the login page&amp#27;[0m                                 &amp#27;[90m# com.example.steps.LoginSteps.the_user_navigates_to_the_login_page()&amp#27;[0m
  &amp#27;[32mWhen &amp#27;[0m&amp#27;[32mthe user enters username &amp#27;[0m&amp#27;[32m&amp#27;[1m"wrongusername"&amp#27;[0m&amp#27;[32m and password &amp#27;[0m&amp#27;[32m&amp#27;[1m"wrongpassword"&amp#27;[0m &amp#27;[90m# com.example.steps.LoginSteps.the_user_enters_username_and_password(java.lang.String,java.lang.String)&amp#27;[0m
  &amp#27;[32mThen &amp#27;[0m&amp#27;[32man error message &amp#27;[0m&amp#27;[32m&amp#27;[1m"Your username is invalid!"&amp#27;[0m&amp#27;[32m should be displayed&amp#27;[0m      &amp#27;[90m# com.example.steps.LoginSteps.an_error_message_should_be_displayed(java.lang.String)&amp#27;[0m
]]></system-out>
    <system-err><![CDATA[Sept 30, 2025 7:38:42 AM org.openqa.selenium.devtools.CdpVersionFinder findNearestMatch
WARNING: Unable to find CDP implementation matching 140
Sept 30, 2025 7:38:42 AM org.openqa.selenium.chromium.ChromiumDriver lambda$new$5
WARNING: Unable to find version of CDP to use for 140.0.7339.208. You may need to include a dependency on a specific version of the CDP using something similar to `org.seleniumhq.selenium:selenium-devtools-v86:4.20.0` where the version ("v86") matches the version of the chromium-based browser you're using and the version number of the artifact is the same as Selenium's.
]]></system-err>
  </testcase>
  <testcase name="Empty Fields" classname="Login functionality - the-internet.herokuapp.com" time="16.576">
    <system-out><![CDATA[
@smoke
Scenario: Empty Fields                                                         &amp#27;[90m# features/login.feature:16&amp#27;[0m
  &amp#27;[32mGiven &amp#27;[0m&amp#27;[32mthe user navigates to the login page&amp#27;[0m                                   &amp#27;[90m# com.example.steps.LoginSteps.the_user_navigates_to_the_login_page()&amp#27;[0m
  &amp#27;[32mWhen &amp#27;[0m&amp#27;[32mthe user leaves both the username and password fields empty and submits&amp#27;[0m &amp#27;[90m# com.example.steps.LoginSteps.the_user_leaves_both_fields_empty_and_submits()&amp#27;[0m
  &amp#27;[32mThen &amp#27;[0m&amp#27;[32ma required field message should be displayed for both fields&amp#27;[0m            &amp#27;[90m# com.example.steps.LoginSteps.a_required_field_message_should_be_displayed_for_both_fields()&amp#27;[0m
]]></system-out>
    <system-err><![CDATA[Sept 30, 2025 7:38:52 AM org.openqa.selenium.devtools.CdpVersionFinder findNearestMatch
WARNING: Unable to find CDP implementation matching 140
Sept 30, 2025 7:38:52 AM org.openqa.selenium.chromium.ChromiumDriver lambda$new$5
WARNING: Unable to find version of CDP to use for 140.0.7339.208. You may need to include a dependency on a specific version of the CDP using something similar to `org.seleniumhq.selenium:selenium-devtools-v86:4.20.0` where the version ("v86") matches the version of the chromium-based browser you're using and the version number of the artifact is the same as Selenium's.
]]></system-err>
  </testcase>
  <testcase name="Login attempts using CSV (bonus)" classname="Login functionality - the-internet.herokuapp.com" time="35.581">
    <system-out><![CDATA[
@smoke @csv
Scenario: Login attempts using CSV (bonus)                        &amp#27;[90m# features/login.feature:32&amp#27;[0m
  &amp#27;[32mGiven &amp#27;[0m&amp#27;[32mthe user navigates to the login page&amp#27;[0m                      &amp#27;[90m# com.example.steps.LoginSteps.the_user_navigates_to_the_login_page()&amp#27;[0m
  &amp#27;[32mGiven &amp#27;[0m&amp#27;[32mtest data from csv &amp#27;[0m&amp#27;[32m&amp#27;[1m"data/login.csv"&amp#27;[0m                       &amp#27;[90m# com.example.steps.DataDrivenSteps.test_data_from_csv(java.lang.String)&amp#27;[0m
  &amp#27;[32mWhen &amp#27;[0m&amp#27;[32mI attempt login with every row in the csv &amp#27;[0m&amp#27;[32m&amp#27;[1m"data/login.csv"&amp#27;[0m &amp#27;[90m# com.example.steps.DataDrivenSteps.i_attempt_login_with_every_row_in_the_csv(java.lang.String)&amp#27;[0m
  &amp#27;[32mThen &amp#27;[0m&amp#27;[32mall csv logins should match the expected outcomes&amp#27;[0m          &amp#27;[90m# com.example.steps.DataDrivenSteps.all_csv_logins_should_match_the_expected_outcomes()&amp#27;[0m
]]></system-out>
    <system-err><![CDATA[Sept 30, 2025 7:39:40 AM org.openqa.selenium.devtools.CdpVersionFinder findNearestMatch
WARNING: Unable to find CDP implementation matching 140
Sept 30, 2025 7:39:40 AM org.openqa.selenium.chromium.ChromiumDriver lambda$new$5
WARNING: Unable to find version of CDP to use for 140.0.7339.208. You may need to include a dependency on a specific version of the CDP using something similar to `org.seleniumhq.selenium:selenium-devtools-v86:4.20.0` where the version ("v86") matches the version of the chromium-based browser you're using and the version number of the artifact is the same as Selenium's.
[DEBUG] Could not find #flash element. Current URL: https://the-internet.herokuapp.com/login
[DEBUG] Page source:
<html class="no-js" lang="en"><!--<![endif]--><head>
    <script src="/js/vendor/298279967.js"></script>
    <meta charset="utf-8">
    <meta name="viewport" content="width=device-width">
    <title>The Internet</title>
    <link href="/css/app.css" rel="stylesheet">
    <link href="/css/font-awesome.css" rel="stylesheet">
    <script src="/js/vendor/jquery-1.11.3.min.js"></script>
    <script src="/js/vendor/jquery-ui-1.11.4/jquery-ui.js"></script>
    <script src="/js/foundation/foundation.js"></script><meta class="foundation-mq-small"><meta class="foundation-mq-medium"><meta class="foundation-mq-large"><style></style>
    <script src="/js/foundation/foundation.alerts.js"></script>
    <script>
      $(document).foundation();
    </script>
  </head>
  <body>
    <div class="row">
      <div id="flash-messages" class="large-12 columns">
      
        
      
        
      
        
      
      </div>
    </div>
    <div class="row">
      <a href="https://github.com/tourdedave/the-internet"><img style="position: absolute; top: 0; right: 0; border: 0;" src="/img/forkme_right_green_007200.png" alt="Fork me on GitHub"></a>
      <div id="content" class="large-12 columns">
        <div class="example">
  <h2>Login Page</h2>
  <h4 class="subheader">This is where you can log into the secure area. Enter <em>tomsmith</em> for the username and <em>SuperSecretPassword!</em> for the password. If the information is wrong you should see error messages.</h4>
  <form name="login" id="login" action="/authenticate" method="post">
     <div class="row">
      <div class="large-6 small-12 columns">
        <label for="username">Username</label>
        <input type="text" name="username" id="username">
      </div>
    </div>
    <div class="row">
      <div class="large-6 small-12 columns">
        <label for="password">Password</label>
        <input type="password" name="password" id="password">
      </div>
    </div>
      <button class="radius" type="submit"><i class="fa fa-2x fa-sign-in"> Login</i></button>
  </form>
</div>

      </div>
    </div>
    <div id="page-footer" class="row">
      <div class="large-4 large-centered columns">
        <hr>
        <div style="text-align: center;">Powered by <a target="_blank" href="http://elementalselenium.com/">Elemental Selenium</a></div>
      </div>
    </div>
  

</body></html>
[DEBUG] Could not find #flash element. Current URL: https://the-internet.herokuapp.com/login
[DEBUG] Page source:
<html class="no-js" lang="en"><!--<![endif]--><head>
    <script src="/js/vendor/298279967.js"></script>
    <meta charset="utf-8">
    <meta name="viewport" content="width=device-width">
    <title>The Internet</title>
    <link href="/css/app.css" rel="stylesheet">
    <link href="/css/font-awesome.css" rel="stylesheet">
    <script src="/js/vendor/jquery-1.11.3.min.js"></script>
    <script src="/js/vendor/jquery-ui-1.11.4/jquery-ui.js"></script>
    <script src="/js/foundation/foundation.js"></script><meta class="foundation-mq-small"><meta class="foundation-mq-medium"><meta class="foundation-mq-large"><style></style>
    <script src="/js/foundation/foundation.alerts.js"></script>
    <script>
      $(document).foundation();
    </script>
  </head>
  <body>
    <div class="row">
      <div id="flash-messages" class="large-12 columns">
      
        
      
        
      
        
      
      </div>
    </div>
    <div class="row">
      <a href="https://github.com/tourdedave/the-internet"><img style="position: absolute; top: 0; right: 0; border: 0;" src="/img/forkme_right_green_007200.png" alt="Fork me on GitHub"></a>
      <div id="content" class="large-12 columns">
        <div class="example">
  <h2>Login Page</h2>
  <h4 class="subheader">This is where you can log into the secure area. Enter <em>tomsmith</em> for the username and <em>SuperSecretPassword!</em> for the password. If the information is wrong you should see error messages.</h4>
  <form name="login" id="login" action="/authenticate" method="post">
     <div class="row">
      <div class="large-6 small-12 columns">
        <label for="username">Username</label>
        <input type="text" name="username" id="username">
      </div>
    </div>
    <div class="row">
      <div class="large-6 small-12 columns">
        <label for="password">Password</label>
        <input type="password" name="password" id="password">
      </div>
    </div>
      <button class="radius" type="submit"><i class="fa fa-2x fa-sign-in"> Login</i></button>
  </form>
</div>

      </div>
    </div>
    <div id="page-footer" class="row">
      <div class="large-4 large-centered columns">
        <hr>
        <div style="text-align: center;">Powered by <a target="_blank" href="http://elementalselenium.com/">Elemental Selenium</a></div>
      </div>
    </div>
  

</body></html>
]]></system-err>
  </testcase>
  <testcase name="Example #1.1" classname="Examples" time="11.539">
    <system-out><![CDATA[
@smoke @datadriven
Scenario Outline: Login attempts using examples                                         &amp#27;[90m# features/login.feature:27&amp#27;[0m
  &amp#27;[32mGiven &amp#27;[0m&amp#27;[32mthe user navigates to the login page&amp#27;[0m                                            &amp#27;[90m# com.example.steps.LoginSteps.the_user_navigates_to_the_login_page()&amp#27;[0m
  &amp#27;[32mWhen &amp#27;[0m&amp#27;[32mthe user enters username &amp#27;[0m&amp#27;[32m&amp#27;[1m"tomsmith"&amp#27;[0m&amp#27;[32m and password &amp#27;[0m&amp#27;[32m&amp#27;[1m"SuperSecretPassword!"&amp#27;[0m          &amp#27;[90m# com.example.steps.LoginSteps.the_user_enters_username_and_password(java.lang.String,java.lang.String)&amp#27;[0m
  &amp#27;[32mThen &amp#27;[0m&amp#27;[32mthe user should be successfully logged in and redirected to the Secure Area page&amp#27;[0m &amp#27;[90m# com.example.steps.LoginSteps.the_user_should_be_successfully_logged_in_and_redirected_to_the_secure_area_page()&amp#27;[0m
]]></system-out>
    <system-err><![CDATA[Sept 30, 2025 7:39:09 AM org.openqa.selenium.devtools.CdpVersionFinder findNearestMatch
WARNING: Unable to find CDP implementation matching 140
Sept 30, 2025 7:39:09 AM org.openqa.selenium.chromium.ChromiumDriver lambda$new$5
WARNING: Unable to find version of CDP to use for 140.0.7339.208. You may need to include a dependency on a specific version of the CDP using something similar to `org.seleniumhq.selenium:selenium-devtools-v86:4.20.0` where the version ("v86") matches the version of the chromium-based browser you're using and the version number of the artifact is the same as Selenium's.
]]></system-err>
  </testcase>
  <testcase name="Example #1.2" classname="Examples" time="10.276">
    <system-out><![CDATA[
@smoke @datadriven
Scenario Outline: Login attempts using examples                         &amp#27;[90m# features/login.feature:28&amp#27;[0m
  &amp#27;[32mGiven &amp#27;[0m&amp#27;[32mthe user navigates to the login page&amp#27;[0m                            &amp#27;[90m# com.example.steps.LoginSteps.the_user_navigates_to_the_login_page()&amp#27;[0m
  &amp#27;[32mWhen &amp#27;[0m&amp#27;[32mthe user enters username &amp#27;[0m&amp#27;[32m&amp#27;[1m"tomsmith"&amp#27;[0m&amp#27;[32m and password &amp#27;[0m&amp#27;[32m&amp#27;[1m"wrongpassword"&amp#27;[0m &amp#27;[90m# com.example.steps.LoginSteps.the_user_enters_username_and_password(java.lang.String,java.lang.String)&amp#27;[0m
  &amp#27;[32mThen &amp#27;[0m&amp#27;[32man error message &amp#27;[0m&amp#27;[32m&amp#27;[1m"Your password is invalid!"&amp#27;[0m&amp#27;[32m should be displayed&amp#27;[0m &amp#27;[90m# com.example.steps.LoginSteps.an_error_message_should_be_displayed(java.lang.String)&amp#27;[0m
]]></system-out>
    <system-err><![CDATA[Sept 30, 2025 7:39:20 AM org.openqa.selenium.devtools.CdpVersionFinder findNearestMatch
WARNING: Unable to find CDP implementation matching 140
Sept 30, 2025 7:39:20 AM org.openqa.selenium.chromium.ChromiumDriver lambda$new$5
WARNING: Unable to find version of CDP to use for 140.0.7339.208. You may need to include a dependency on a specific version of the CDP using something similar to `org.seleniumhq.selenium:selenium-devtools-v86:4.20.0` where the version ("v86") matches the version of the chromium-based browser you're using and the version number of the artifact is the same as Selenium's.
]]></system-err>
  </testcase>
  <testcase name="Example #1.3" classname="Examples" time="9.147">
    <system-out><![CDATA[
@smoke @datadriven
Scenario Outline: Login attempts using examples                                 &amp#27;[90m# features/login.feature:29&amp#27;[0m
  &amp#27;[32mGiven &amp#27;[0m&amp#27;[32mthe user navigates to the login page&amp#27;[0m                                    &amp#27;[90m# com.example.steps.LoginSteps.the_user_navigates_to_the_login_page()&amp#27;[0m
  &amp#27;[32mWhen &amp#27;[0m&amp#27;[32mthe user enters username &amp#27;[0m&amp#27;[32m&amp#27;[1m"wronguser"&amp#27;[0m&amp#27;[32m and password &amp#27;[0m&amp#27;[32m&amp#27;[1m"SuperSecretPassword!"&amp#27;[0m &amp#27;[90m# com.example.steps.LoginSteps.the_user_enters_username_and_password(java.lang.String,java.lang.String)&amp#27;[0m
  &amp#27;[32mThen &amp#27;[0m&amp#27;[32man error message &amp#27;[0m&amp#27;[32m&amp#27;[1m"Your username is invalid!"&amp#27;[0m&amp#27;[32m should be displayed&amp#27;[0m         &amp#27;[90m# com.example.steps.LoginSteps.an_error_message_should_be_displayed(java.lang.String)&amp#27;[0m
]]></system-out>
    <system-err><![CDATA[Sept 30, 2025 7:39:31 AM org.openqa.selenium.devtools.CdpVersionFinder findNearestMatch
WARNING: Unable to find CDP implementation matching 140
Sept 30, 2025 7:39:31 AM org.openqa.selenium.chromium.ChromiumDriver lambda$new$5
WARNING: Unable to find version of CDP to use for 140.0.7339.208. You may need to include a dependency on a specific version of the CDP using something similar to `org.seleniumhq.selenium:selenium-devtools-v86:4.20.0` where the version ("v86") matches the version of the chromium-based browser you're using and the version number of the artifact is the same as Selenium's.
]]></system-err>
  </testcase>
</testsuite>